c:\users\john sullivan\documents\visual studio projects\directxsamples\tutorial04\debug\vc140.pdb
c:\users\john sullivan\documents\visual studio projects\directxsamples\tutorial04\debug\vc140.idb
c:\users\john sullivan\documents\visual studio projects\directxsamples\tutorial04\debug\tutorial04.obj
c:\users\john sullivan\documents\visual studio projects\directxsamples\tutorial04\debug\socketscommon.obj
c:\users\john sullivan\documents\visual studio projects\directxsamples\tutorial04\debug\server.obj
c:\users\john sullivan\documents\visual studio projects\directxsamples\tutorial04\debug\player.obj
c:\users\john sullivan\documents\visual studio projects\directxsamples\tutorial04\debug\client.obj
c:\users\john sullivan\documents\visual studio projects\directxsamples\tutorial04\debug\tutorial04.ilk
c:\users\john sullivan\documents\visual studio projects\directxsamples\tutorial04\debug\tutorial04.exe
c:\users\john sullivan\documents\visual studio projects\directxsamples\tutorial04\debug\tutorial04.pdb
c:\users\john sullivan\documents\visual studio projects\directxsamples\tutorial04\debug\tutorial04.res
c:\users\john sullivan\documents\visual studio projects\directxsamples\tutorial04\debug\tutorial04.tlog\cl.command.1.tlog
c:\users\john sullivan\documents\visual studio projects\directxsamples\tutorial04\debug\tutorial04.tlog\cl.read.1.tlog
c:\users\john sullivan\documents\visual studio projects\directxsamples\tutorial04\debug\tutorial04.tlog\cl.write.1.tlog
c:\users\john sullivan\documents\visual studio projects\directxsamples\tutorial04\debug\tutorial04.tlog\link.command.1.tlog
c:\users\john sullivan\documents\visual studio projects\directxsamples\tutorial04\debug\tutorial04.tlog\link.read.1.tlog
c:\users\john sullivan\documents\visual studio projects\directxsamples\tutorial04\debug\tutorial04.tlog\link.write.1.tlog
c:\users\john sullivan\documents\visual studio projects\directxsamples\tutorial04\debug\tutorial04.tlog\rc.command.1.tlog
c:\users\john sullivan\documents\visual studio projects\directxsamples\tutorial04\debug\tutorial04.tlog\rc.read.1.tlog
c:\users\john sullivan\documents\visual studio projects\directxsamples\tutorial04\debug\tutorial04.tlog\rc.write.1.tlog
