e:\users\jahn\burnawitch\newlevelclass\debug\vc140.pdb
e:\users\jahn\burnawitch\newlevelclass\debug\vc140.idb
e:\users\jahn\burnawitch\newlevelclass\debug\socketscommon.obj
e:\users\jahn\burnawitch\newlevelclass\debug\server.obj
e:\users\jahn\burnawitch\newlevelclass\debug\player.obj
e:\users\jahn\burnawitch\newlevelclass\debug\groundwork.obj
e:\users\jahn\burnawitch\newlevelclass\debug\client.obj
e:\users\jahn\burnawitch\newlevelclass\debug\homework 4.obj
e:\users\jahn\burnawitch\newlevelclass\debug\font.obj
e:\users\jahn\burnawitch\newlevelclass\debug\homework 4.ilk
e:\users\jahn\burnawitch\newlevelclass\debug\homework 4.exe
e:\users\jahn\burnawitch\newlevelclass\debug\homework 4.pdb
e:\users\jahn\burnawitch\newlevelclass\debug\homework 8.res
e:\users\jahn\burnawitch\newlevelclass\debug\vc120.idb
e:\users\jahn\burnawitch\newlevelclass\debug\vc120.pdb
e:\users\jahn\burnawitch\newlevelclass\debug\homework 4.tlog\cl.command.1.tlog
e:\users\jahn\burnawitch\newlevelclass\debug\homework 4.tlog\cl.read.1.tlog
e:\users\jahn\burnawitch\newlevelclass\debug\homework 4.tlog\cl.write.1.tlog
e:\users\jahn\burnawitch\newlevelclass\debug\homework 4.tlog\fxc.command.1.tlog
e:\users\jahn\burnawitch\newlevelclass\debug\homework 4.tlog\fxc.read.1.tlog
e:\users\jahn\burnawitch\newlevelclass\debug\homework 4.tlog\fxc.write.1.tlog
e:\users\jahn\burnawitch\newlevelclass\debug\homework 4.tlog\homework 4.write.1u.tlog
e:\users\jahn\burnawitch\newlevelclass\debug\homework 4.tlog\link.command.1.tlog
e:\users\jahn\burnawitch\newlevelclass\debug\homework 4.tlog\link.read.1.tlog
e:\users\jahn\burnawitch\newlevelclass\debug\homework 4.tlog\link.write.1.tlog
e:\users\jahn\burnawitch\newlevelclass\debug\homework 4.tlog\rc.command.1.tlog
e:\users\jahn\burnawitch\newlevelclass\debug\homework 4.tlog\rc.read.1.tlog
e:\users\jahn\burnawitch\newlevelclass\debug\homework 4.tlog\rc.write.1.tlog
