  homework 4.cpp
c:\program files (x86)\microsoft directx sdk (june 2010)\include\dxgitype.h(12): warning C4005: 'DXGI_STATUS_OCCLUDED': macro redefinition
  c:\program files (x86)\windows kits\8.1\include\shared\winerror.h(50092): note: see previous definition of 'DXGI_STATUS_OCCLUDED'
c:\program files (x86)\microsoft directx sdk (june 2010)\include\dxgitype.h(13): warning C4005: 'DXGI_STATUS_CLIPPED': macro redefinition
  c:\program files (x86)\windows kits\8.1\include\shared\winerror.h(50101): note: see previous definition of 'DXGI_STATUS_CLIPPED'
c:\program files (x86)\microsoft directx sdk (june 2010)\include\dxgitype.h(14): warning C4005: 'DXGI_STATUS_NO_REDIRECTION': macro redefinition
  c:\program files (x86)\windows kits\8.1\include\shared\winerror.h(50110): note: see previous definition of 'DXGI_STATUS_NO_REDIRECTION'
c:\program files (x86)\microsoft directx sdk (june 2010)\include\dxgitype.h(15): warning C4005: 'DXGI_STATUS_NO_DESKTOP_ACCESS': macro redefinition
  c:\program files (x86)\windows kits\8.1\include\shared\winerror.h(50119): note: see previous definition of 'DXGI_STATUS_NO_DESKTOP_ACCESS'
c:\program files (x86)\microsoft directx sdk (june 2010)\include\dxgitype.h(16): warning C4005: 'DXGI_STATUS_GRAPHICS_VIDPN_SOURCE_IN_USE': macro redefinition
  c:\program files (x86)\windows kits\8.1\include\shared\winerror.h(50128): note: see previous definition of 'DXGI_STATUS_GRAPHICS_VIDPN_SOURCE_IN_USE'
c:\program files (x86)\microsoft directx sdk (june 2010)\include\dxgitype.h(17): warning C4005: 'DXGI_STATUS_MODE_CHANGED': macro redefinition
  c:\program files (x86)\windows kits\8.1\include\shared\winerror.h(50137): note: see previous definition of 'DXGI_STATUS_MODE_CHANGED'
c:\program files (x86)\microsoft directx sdk (june 2010)\include\dxgitype.h(18): warning C4005: 'DXGI_STATUS_MODE_CHANGE_IN_PROGRESS': macro redefinition
  c:\program files (x86)\windows kits\8.1\include\shared\winerror.h(50146): note: see previous definition of 'DXGI_STATUS_MODE_CHANGE_IN_PROGRESS'
c:\program files (x86)\microsoft directx sdk (june 2010)\include\dxgitype.h(21): warning C4005: 'DXGI_ERROR_INVALID_CALL': macro redefinition
  c:\program files (x86)\windows kits\8.1\include\shared\winerror.h(50161): note: see previous definition of 'DXGI_ERROR_INVALID_CALL'
c:\program files (x86)\microsoft directx sdk (june 2010)\include\dxgitype.h(22): warning C4005: 'DXGI_ERROR_NOT_FOUND': macro redefinition
  c:\program files (x86)\windows kits\8.1\include\shared\winerror.h(50170): note: see previous definition of 'DXGI_ERROR_NOT_FOUND'
c:\program files (x86)\microsoft directx sdk (june 2010)\include\dxgitype.h(23): warning C4005: 'DXGI_ERROR_MORE_DATA': macro redefinition
  c:\program files (x86)\windows kits\8.1\include\shared\winerror.h(50179): note: see previous definition of 'DXGI_ERROR_MORE_DATA'
c:\program files (x86)\microsoft directx sdk (june 2010)\include\dxgitype.h(24): warning C4005: 'DXGI_ERROR_UNSUPPORTED': macro redefinition
  c:\program files (x86)\windows kits\8.1\include\shared\winerror.h(50188): note: see previous definition of 'DXGI_ERROR_UNSUPPORTED'
c:\program files (x86)\microsoft directx sdk (june 2010)\include\dxgitype.h(25): warning C4005: 'DXGI_ERROR_DEVICE_REMOVED': macro redefinition
  c:\program files (x86)\windows kits\8.1\include\shared\winerror.h(50197): note: see previous definition of 'DXGI_ERROR_DEVICE_REMOVED'
c:\program files (x86)\microsoft directx sdk (june 2010)\include\dxgitype.h(26): warning C4005: 'DXGI_ERROR_DEVICE_HUNG': macro redefinition
  c:\program files (x86)\windows kits\8.1\include\shared\winerror.h(50206): note: see previous definition of 'DXGI_ERROR_DEVICE_HUNG'
c:\program files (x86)\microsoft directx sdk (june 2010)\include\dxgitype.h(27): warning C4005: 'DXGI_ERROR_DEVICE_RESET': macro redefinition
  c:\program files (x86)\windows kits\8.1\include\shared\winerror.h(50216): note: see previous definition of 'DXGI_ERROR_DEVICE_RESET'
c:\program files (x86)\microsoft directx sdk (june 2010)\include\dxgitype.h(28): warning C4005: 'DXGI_ERROR_WAS_STILL_DRAWING': macro redefinition
  c:\program files (x86)\windows kits\8.1\include\shared\winerror.h(50225): note: see previous definition of 'DXGI_ERROR_WAS_STILL_DRAWING'
c:\program files (x86)\microsoft directx sdk (june 2010)\include\dxgitype.h(29): warning C4005: 'DXGI_ERROR_FRAME_STATISTICS_DISJOINT': macro redefinition
  c:\program files (x86)\windows kits\8.1\include\shared\winerror.h(50235): note: see previous definition of 'DXGI_ERROR_FRAME_STATISTICS_DISJOINT'
c:\program files (x86)\microsoft directx sdk (june 2010)\include\dxgitype.h(30): warning C4005: 'DXGI_ERROR_GRAPHICS_VIDPN_SOURCE_IN_USE': macro redefinition
  c:\program files (x86)\windows kits\8.1\include\shared\winerror.h(50244): note: see previous definition of 'DXGI_ERROR_GRAPHICS_VIDPN_SOURCE_IN_USE'
c:\program files (x86)\microsoft directx sdk (june 2010)\include\dxgitype.h(31): warning C4005: 'DXGI_ERROR_DRIVER_INTERNAL_ERROR': macro redefinition
  c:\program files (x86)\windows kits\8.1\include\shared\winerror.h(50254): note: see previous definition of 'DXGI_ERROR_DRIVER_INTERNAL_ERROR'
c:\program files (x86)\microsoft directx sdk (june 2010)\include\dxgitype.h(32): warning C4005: 'DXGI_ERROR_NONEXCLUSIVE': macro redefinition
  c:\program files (x86)\windows kits\8.1\include\shared\winerror.h(50263): note: see previous definition of 'DXGI_ERROR_NONEXCLUSIVE'
c:\program files (x86)\microsoft directx sdk (june 2010)\include\dxgitype.h(33): warning C4005: 'DXGI_ERROR_NOT_CURRENTLY_AVAILABLE': macro redefinition
  c:\program files (x86)\windows kits\8.1\include\shared\winerror.h(50272): note: see previous definition of 'DXGI_ERROR_NOT_CURRENTLY_AVAILABLE'
c:\program files (x86)\microsoft directx sdk (june 2010)\include\dxgitype.h(34): warning C4005: 'DXGI_ERROR_REMOTE_CLIENT_DISCONNECTED': macro redefinition
  c:\program files (x86)\windows kits\8.1\include\shared\winerror.h(50282): note: see previous definition of 'DXGI_ERROR_REMOTE_CLIENT_DISCONNECTED'
c:\program files (x86)\microsoft directx sdk (june 2010)\include\dxgitype.h(35): warning C4005: 'DXGI_ERROR_REMOTE_OUTOFMEMORY': macro redefinition
  c:\program files (x86)\windows kits\8.1\include\shared\winerror.h(50291): note: see previous definition of 'DXGI_ERROR_REMOTE_OUTOFMEMORY'
c:\program files (x86)\microsoft directx sdk (june 2010)\include\d3d11.h(917): warning C4005: 'D3D11_ERROR_TOO_MANY_UNIQUE_STATE_OBJECTS': macro redefinition
  c:\program files (x86)\windows kits\8.1\include\shared\winerror.h(50469): note: see previous definition of 'D3D11_ERROR_TOO_MANY_UNIQUE_STATE_OBJECTS'
c:\program files (x86)\microsoft directx sdk (june 2010)\include\d3d11.h(918): warning C4005: 'D3D11_ERROR_FILE_NOT_FOUND': macro redefinition
  c:\program files (x86)\windows kits\8.1\include\shared\winerror.h(50478): note: see previous definition of 'D3D11_ERROR_FILE_NOT_FOUND'
c:\program files (x86)\microsoft directx sdk (june 2010)\include\d3d11.h(919): warning C4005: 'D3D11_ERROR_TOO_MANY_UNIQUE_VIEW_OBJECTS': macro redefinition
  c:\program files (x86)\windows kits\8.1\include\shared\winerror.h(50488): note: see previous definition of 'D3D11_ERROR_TOO_MANY_UNIQUE_VIEW_OBJECTS'
c:\program files (x86)\microsoft directx sdk (june 2010)\include\d3d11.h(920): warning C4005: 'D3D11_ERROR_DEFERRED_CONTEXT_MAP_WITHOUT_INITIAL_DISCARD': macro redefinition
  c:\program files (x86)\windows kits\8.1\include\shared\winerror.h(50497): note: see previous definition of 'D3D11_ERROR_DEFERRED_CONTEXT_MAP_WITHOUT_INITIAL_DISCARD'
c:\program files (x86)\microsoft directx sdk (june 2010)\include\d3d10.h(608): warning C4005: 'D3D10_ERROR_TOO_MANY_UNIQUE_STATE_OBJECTS': macro redefinition
  c:\program files (x86)\windows kits\8.1\include\shared\winerror.h(50445): note: see previous definition of 'D3D10_ERROR_TOO_MANY_UNIQUE_STATE_OBJECTS'
c:\program files (x86)\microsoft directx sdk (june 2010)\include\d3d10.h(609): warning C4005: 'D3D10_ERROR_FILE_NOT_FOUND': macro redefinition
  c:\program files (x86)\windows kits\8.1\include\shared\winerror.h(50454): note: see previous definition of 'D3D10_ERROR_FILE_NOT_FOUND'
c:\program files (x86)\microsoft directx sdk (june 2010)\include\xnamath.h(2662): warning C4838: conversion from 'unsigned int' to 'INT' requires a narrowing conversion
c:\program files (x86)\microsoft directx sdk (june 2010)\include\xnamath.h(2663): warning C4838: conversion from 'unsigned int' to 'INT' requires a narrowing conversion
c:\program files (x86)\microsoft directx sdk (june 2010)\include\xnamath.h(2664): warning C4838: conversion from 'unsigned int' to 'INT' requires a narrowing conversion
c:\program files (x86)\microsoft directx sdk (june 2010)\include\xnamath.h(2665): warning C4838: conversion from 'unsigned int' to 'INT' requires a narrowing conversion
c:\program files (x86)\microsoft directx sdk (june 2010)\include\xnamath.h(2666): warning C4838: conversion from 'unsigned int' to 'INT' requires a narrowing conversion
c:\program files (x86)\microsoft directx sdk (june 2010)\include\xnamath.h(2667): warning C4838: conversion from 'unsigned int' to 'INT' requires a narrowing conversion
c:\program files (x86)\microsoft directx sdk (june 2010)\include\xnamath.h(2668): warning C4838: conversion from 'unsigned int' to 'INT' requires a narrowing conversion
c:\program files (x86)\microsoft directx sdk (june 2010)\include\xnamath.h(2689): warning C4838: conversion from 'unsigned int' to 'INT' requires a narrowing conversion
c:\program files (x86)\microsoft directx sdk (june 2010)\include\xnamath.h(2690): warning C4838: conversion from 'unsigned int' to 'INT' requires a narrowing conversion
c:\program files (x86)\microsoft directx sdk (june 2010)\include\xnamath.h(2691): warning C4838: conversion from 'unsigned int' to 'INT' requires a narrowing conversion
c:\program files (x86)\microsoft directx sdk (june 2010)\include\xnamath.h(2694): warning C4838: conversion from 'unsigned int' to 'INT' requires a narrowing conversion
c:\program files (x86)\microsoft directx sdk (june 2010)\include\xnamath.h(2695): warning C4838: conversion from 'unsigned int' to 'INT' requires a narrowing conversion
c:\program files (x86)\microsoft directx sdk (june 2010)\include\xnamath.h(2698): warning C4838: conversion from 'unsigned int' to 'INT' requires a narrowing conversion
c:\program files (x86)\microsoft directx sdk (june 2010)\include\xnamath.h(2702): warning C4838: conversion from 'unsigned int' to 'INT' requires a narrowing conversion
c:\program files (x86)\microsoft directx sdk (june 2010)\include\xnamath.h(2712): warning C4838: conversion from 'unsigned int' to 'INT' requires a narrowing conversion
c:\program files (x86)\microsoft directx sdk (june 2010)\include\xnamath.h(2713): warning C4838: conversion from 'unsigned int' to 'INT' requires a narrowing conversion
c:\program files (x86)\microsoft directx sdk (june 2010)\include\xnamath.h(2715): warning C4838: conversion from 'unsigned int' to 'INT' requires a narrowing conversion
c:\program files (x86)\microsoft directx sdk (june 2010)\include\xnamath.h(2716): warning C4838: conversion from 'unsigned int' to 'INT' requires a narrowing conversion
c:\program files (x86)\microsoft directx sdk (june 2010)\include\xnamath.h(2717): warning C4838: conversion from 'unsigned int' to 'INT' requires a narrowing conversion
c:\program files (x86)\microsoft directx sdk (june 2010)\include\xnamath.h(2727): warning C4838: conversion from 'unsigned int' to 'INT' requires a narrowing conversion
c:\program files (x86)\microsoft directx sdk (june 2010)\include\xnamath.h(2728): warning C4838: conversion from 'unsigned int' to 'INT' requires a narrowing conversion
c:\program files (x86)\microsoft directx sdk (june 2010)\include\xnamath.h(2729): warning C4838: conversion from 'unsigned int' to 'INT' requires a narrowing conversion
c:\program files (x86)\microsoft directx sdk (june 2010)\include\xnamath.h(2730): warning C4838: conversion from 'unsigned int' to 'INT' requires a narrowing conversion
c:\program files (x86)\microsoft directx sdk (june 2010)\include\xnamath.h(2731): warning C4838: conversion from 'unsigned int' to 'INT' requires a narrowing conversion
c:\program files (x86)\microsoft directx sdk (june 2010)\include\xnamath.h(2732): warning C4838: conversion from 'unsigned int' to 'INT' requires a narrowing conversion
c:\program files (x86)\microsoft directx sdk (june 2010)\include\xnamath.h(2742): warning C4838: conversion from 'unsigned int' to 'INT' requires a narrowing conversion
c:\program files (x86)\microsoft directx sdk (june 2010)\include\xnamath.h(2743): warning C4838: conversion from 'unsigned int' to 'INT' requires a narrowing conversion
c:\program files (x86)\microsoft directx sdk (june 2010)\include\xnamath.h(2754): warning C4838: conversion from 'unsigned int' to 'INT' requires a narrowing conversion
c:\program files (x86)\microsoft directx sdk (june 2010)\include\xnamathconvert.inl(2254): warning C4838: conversion from 'unsigned int' to 'INT' requires a narrowing conversion
c:\program files (x86)\microsoft directx sdk (june 2010)\include\xnamathconvert.inl(4523): warning C4838: conversion from 'unsigned int' to 'INT' requires a narrowing conversion
c:\program files (x86)\microsoft directx sdk (june 2010)\include\xnamathconvert.inl(4577): warning C4838: conversion from 'unsigned int' to 'INT' requires a narrowing conversion
c:\program files (x86)\microsoft directx sdk (june 2010)\include\xnamathconvert.inl(4639): warning C4838: conversion from 'unsigned int' to 'INT' requires a narrowing conversion
c:\program files (x86)\microsoft directx sdk (june 2010)\include\xnamathconvert.inl(4707): warning C4838: conversion from 'unsigned int' to 'INT' requires a narrowing conversion
c:\program files (x86)\microsoft directx sdk (june 2010)\include\xnamathconvert.inl(4770): warning C4838: conversion from 'unsigned int' to 'INT' requires a narrowing conversion
c:\program files (x86)\microsoft directx sdk (june 2010)\include\xnamathconvert.inl(4832): warning C4838: conversion from 'unsigned int' to 'INT' requires a narrowing conversion
c:\program files (x86)\microsoft directx sdk (june 2010)\include\xnamathvector.inl(1269): warning C4838: conversion from 'unsigned int' to 'INT' requires a narrowing conversion
c:\program files (x86)\microsoft directx sdk (june 2010)\include\xnamathmisc.inl(518): warning C4838: conversion from 'unsigned int' to 'INT' requires a narrowing conversion
c:\program files (x86)\microsoft directx sdk (june 2010)\include\xnamathmisc.inl(519): warning C4838: conversion from 'unsigned int' to 'INT' requires a narrowing conversion
e:\users\jahn\burnawitch\newlevelclass\groundwork.h(59): warning C4100: 'ViewMatrix': unreferenced formal parameter
e:\users\jahn\burnawitch\newlevelclass\groundwork.h(212): warning C4244: 'argument': conversion from 'int' to 'FLOAT', possible loss of data
e:\users\jahn\burnawitch\newlevelclass\groundwork.h(214): warning C4244: 'argument': conversion from 'int' to 'FLOAT', possible loss of data
e:\users\jahn\burnawitch\newlevelclass\groundwork.h(216): warning C4244: 'argument': conversion from 'int' to 'FLOAT', possible loss of data
e:\users\jahn\burnawitch\newlevelclass\groundwork.h(218): warning C4244: 'argument': conversion from 'int' to 'FLOAT', possible loss of data
e:\users\jahn\burnawitch\newlevelclass\groundwork.h(223): warning C4244: 'argument': conversion from 'int' to 'FLOAT', possible loss of data
e:\users\jahn\burnawitch\newlevelclass\groundwork.h(228): warning C4244: 'argument': conversion from 'int' to 'FLOAT', possible loss of data
e:\users\jahn\burnawitch\newlevelclass\groundwork.h(268): warning C4018: '>=': signed/unsigned mismatch
e:\users\jahn\burnawitch\newlevelclass\groundwork.h(370): warning C4018: '<': signed/unsigned mismatch
e:\users\jahn\burnawitch\newlevelclass\groundwork.h(375): warning C4239: nonstandard extension used: 'argument': conversion from '_XMMATRIX' to 'XMMATRIX &'
  e:\users\jahn\burnawitch\newlevelclass\groundwork.h(375): note: A non-const reference may only be bound to an lvalue
e:\users\jahn\burnawitch\newlevelclass\groundwork.h(303): warning C4100: 'projection': unreferenced formal parameter
e:\users\jahn\burnawitch\newlevelclass\groundwork.h(303): warning C4100: 'view': unreferenced formal parameter
e:\users\jahn\burnawitch\newlevelclass\groundwork.h(369): warning C4189: 'oo': local variable is initialized but not referenced
e:\users\jahn\burnawitch\newlevelclass\groundwork.h(500): warning C4552: '/': operator has no effect; expected operator with side-effect
e:\users\jahn\burnawitch\newlevelclass\homework 4.cpp(188): warning C4100: 'lpParam': unreferenced formal parameter
e:\users\jahn\burnawitch\newlevelclass\homework 4.cpp(190): warning C4189: 'retSize': local variable is initialized but not referenced
e:\users\jahn\burnawitch\newlevelclass\homework 4.cpp(583): warning C4996: 'fopen': This function or variable may be unsafe. Consider using fopen_s instead. To disable deprecation, use _CRT_SECURE_NO_WARNINGS. See online help for details.
  c:\program files (x86)\windows kits\10\include\10.0.10240.0\ucrt\stdio.h(205): note: see declaration of 'fopen'
e:\users\jahn\burnawitch\newlevelclass\homework 4.cpp(585): warning C4996: 'fscanf': This function or variable may be unsafe. Consider using fscanf_s instead. To disable deprecation, use _CRT_SECURE_NO_WARNINGS. See online help for details.
  c:\program files (x86)\windows kits\10\include\10.0.10240.0\ucrt\stdio.h(1193): note: see declaration of 'fscanf'
e:\users\jahn\burnawitch\newlevelclass\homework 4.cpp(618): warning C4100: 'keyFlags': unreferenced formal parameter
e:\users\jahn\burnawitch\newlevelclass\homework 4.cpp(618): warning C4100: 'y': unreferenced formal parameter
e:\users\jahn\burnawitch\newlevelclass\homework 4.cpp(618): warning C4100: 'x': unreferenced formal parameter
e:\users\jahn\burnawitch\newlevelclass\homework 4.cpp(618): warning C4100: 'fDoubleClick': unreferenced formal parameter
e:\users\jahn\burnawitch\newlevelclass\homework 4.cpp(618): warning C4100: 'hwnd': unreferenced formal parameter
e:\users\jahn\burnawitch\newlevelclass\homework 4.cpp(625): warning C4100: 'keyFlags': unreferenced formal parameter
e:\users\jahn\burnawitch\newlevelclass\homework 4.cpp(625): warning C4100: 'y': unreferenced formal parameter
e:\users\jahn\burnawitch\newlevelclass\homework 4.cpp(625): warning C4100: 'x': unreferenced formal parameter
e:\users\jahn\burnawitch\newlevelclass\homework 4.cpp(625): warning C4100: 'fDoubleClick': unreferenced formal parameter
e:\users\jahn\burnawitch\newlevelclass\homework 4.cpp(625): warning C4100: 'hwnd': unreferenced formal parameter
e:\users\jahn\burnawitch\newlevelclass\homework 4.cpp(632): warning C4100: 'cRepeat': unreferenced formal parameter
e:\users\jahn\burnawitch\newlevelclass\homework 4.cpp(632): warning C4100: 'ch': unreferenced formal parameter
e:\users\jahn\burnawitch\newlevelclass\homework 4.cpp(632): warning C4100: 'hwnd': unreferenced formal parameter
e:\users\jahn\burnawitch\newlevelclass\homework 4.cpp(639): warning C4100: 'keyFlags': unreferenced formal parameter
e:\users\jahn\burnawitch\newlevelclass\homework 4.cpp(639): warning C4100: 'y': unreferenced formal parameter
e:\users\jahn\burnawitch\newlevelclass\homework 4.cpp(639): warning C4100: 'x': unreferenced formal parameter
e:\users\jahn\burnawitch\newlevelclass\homework 4.cpp(639): warning C4100: 'hwnd': unreferenced formal parameter
e:\users\jahn\burnawitch\newlevelclass\homework 4.cpp(647): warning C4100: 'keyFlags': unreferenced formal parameter
e:\users\jahn\burnawitch\newlevelclass\homework 4.cpp(647): warning C4100: 'y': unreferenced formal parameter
e:\users\jahn\burnawitch\newlevelclass\homework 4.cpp(647): warning C4100: 'x': unreferenced formal parameter
e:\users\jahn\burnawitch\newlevelclass\homework 4.cpp(647): warning C4100: 'hwnd': unreferenced formal parameter
e:\users\jahn\burnawitch\newlevelclass\homework 4.cpp(685): warning C4244: 'initializing': conversion from 'double' to 'float', possible loss of data
e:\users\jahn\burnawitch\newlevelclass\homework 4.cpp(695): warning C4100: 'lpCreateStruct': unreferenced formal parameter
e:\users\jahn\burnawitch\newlevelclass\homework 4.cpp(695): warning C4100: 'hwnd': unreferenced formal parameter
e:\users\jahn\burnawitch\newlevelclass\homework 4.cpp(700): warning C4100: 'id': unreferenced formal parameter
e:\users\jahn\burnawitch\newlevelclass\homework 4.cpp(700): warning C4100: 'hwnd': unreferenced formal parameter
e:\users\jahn\burnawitch\newlevelclass\homework 4.cpp(705): warning C4100: 'flags': unreferenced formal parameter
e:\users\jahn\burnawitch\newlevelclass\homework 4.cpp(705): warning C4100: 'cRepeat': unreferenced formal parameter
e:\users\jahn\burnawitch\newlevelclass\homework 4.cpp(705): warning C4100: 'fDown': unreferenced formal parameter
e:\users\jahn\burnawitch\newlevelclass\homework 4.cpp(705): warning C4100: 'hwnd': unreferenced formal parameter
e:\users\jahn\burnawitch\newlevelclass\homework 4.cpp(724): warning C4100: 'flags': unreferenced formal parameter
e:\users\jahn\burnawitch\newlevelclass\homework 4.cpp(724): warning C4100: 'cRepeat': unreferenced formal parameter
e:\users\jahn\burnawitch\newlevelclass\homework 4.cpp(724): warning C4100: 'fDown': unreferenced formal parameter
e:\users\jahn\burnawitch\newlevelclass\homework 4.cpp(724): warning C4100: 'hwnd': unreferenced formal parameter
e:\users\jahn\burnawitch\newlevelclass\homework 4.cpp(824): warning C4244: 'initializing': conversion from 'long double' to 'long', possible loss of data
e:\users\jahn\burnawitch\newlevelclass\homework 4.cpp(851): warning C4244: 'argument': conversion from 'long' to 'float', possible loss of data
e:\users\jahn\burnawitch\newlevelclass\homework 4.cpp(930): warning C4996: 'sprintf': This function or variable may be unsafe. Consider using sprintf_s instead. To disable deprecation, use _CRT_SECURE_NO_WARNINGS. See online help for details.
  c:\program files (x86)\windows kits\10\include\10.0.10240.0\ucrt\stdio.h(1769): note: see declaration of 'sprintf'
e:\users\jahn\burnawitch\newlevelclass\homework 4.cpp(935): warning C4996: 'sprintf': This function or variable may be unsafe. Consider using sprintf_s instead. To disable deprecation, use _CRT_SECURE_NO_WARNINGS. See online help for details.
  c:\program files (x86)\windows kits\10\include\10.0.10240.0\ucrt\stdio.h(1769): note: see declaration of 'sprintf'
e:\users\jahn\burnawitch\newlevelclass\homework 4.cpp(939): warning C4996: 'sprintf': This function or variable may be unsafe. Consider using sprintf_s instead. To disable deprecation, use _CRT_SECURE_NO_WARNINGS. See online help for details.
  c:\program files (x86)\windows kits\10\include\10.0.10240.0\ucrt\stdio.h(1769): note: see declaration of 'sprintf'
e:\users\jahn\burnawitch\newlevelclass\homework 4.cpp(943): warning C4996: 'sprintf': This function or variable may be unsafe. Consider using sprintf_s instead. To disable deprecation, use _CRT_SECURE_NO_WARNINGS. See online help for details.
  c:\program files (x86)\windows kits\10\include\10.0.10240.0\ucrt\stdio.h(1769): note: see declaration of 'sprintf'
e:\users\jahn\burnawitch\newlevelclass\music.h(79): warning C4715: 'run_mp3_thread': not all control paths return a value
client.obj : warning LNK4075: ignoring '/EDITANDCONTINUE' due to '/SAFESEH' specification
  lecture 8_2010.vcxproj -> E:\Users\Jahn\BurnAWitch\newlevelclass\Debug\homework 4.exe
  lecture 8_2010.vcxproj -> E:\Users\Jahn\BurnAWitch\newlevelclass\Debug\homework 4.pdb (Full PDB)
